DEBUG - 2025-08-12 02:58:04 --> Session: Class initialized using 'CodeIgniter\Session\Handlers\FileHandler' driver.
DEBUG - 2025-08-12 02:58:06 --> Session: Class initialized using 'CodeIgniter\Session\Handlers\FileHandler' driver.
DEBUG - 2025-08-12 02:58:50 --> Session: Class initialized using 'CodeIgniter\Session\Handlers\FileHandler' driver.
DEBUG - 2025-08-12 02:58:50 --> Session: Class initialized using 'CodeIgniter\Session\Handlers\FileHandler' driver.
DEBUG - 2025-08-12 02:58:52 --> Session: Class initialized using 'CodeIgniter\Session\Handlers\FileHandler' driver.
INFO - 2025-08-12 02:58:52 --> Cart Class Initialized
DEBUG - 2025-08-12 02:58:53 --> Session: Class initialized using 'CodeIgniter\Session\Handlers\FileHandler' driver.
DEBUG - 2025-08-12 02:58:56 --> Session: Class initialized using 'CodeIgniter\Session\Handlers\FileHandler' driver.
INFO - 2025-08-12 02:58:56 --> Cart Class Initialized
DEBUG - 2025-08-12 02:58:56 --> Session: Class initialized using 'CodeIgniter\Session\Handlers\FileHandler' driver.
DEBUG - 2025-08-12 03:49:12 --> Session: Class initialized using 'CodeIgniter\Session\Handlers\FileHandler' driver.
DEBUG - 2025-08-12 03:49:44 --> Session: Class initialized using 'CodeIgniter\Session\Handlers\FileHandler' driver.
INFO - 2025-08-12 03:49:44 --> Cart Class Initialized
DEBUG - 2025-08-12 03:49:46 --> Session: Class initialized using 'CodeIgniter\Session\Handlers\FileHandler' driver.
DEBUG - 2025-08-12 03:49:49 --> Session: Class initialized using 'CodeIgniter\Session\Handlers\FileHandler' driver.
INFO - 2025-08-12 03:49:49 --> Cart Class Initialized
DEBUG - 2025-08-12 03:49:53 --> Session: Class initialized using 'CodeIgniter\Session\Handlers\FileHandler' driver.
INFO - 2025-08-12 03:49:53 --> Cart Class Initialized
DEBUG - 2025-08-12 03:56:31 --> Session: Class initialized using 'CodeIgniter\Session\Handlers\FileHandler' driver.
INFO - 2025-08-12 03:56:31 --> Cart Class Initialized
CRITICAL - 2025-08-12 03:56:31 --> ErrorException: Undefined variable $grandTotal
[Method: GET, Route: checkout]
in APPPATH\Views\v_checkout.php on line 62.
 1 APPPATH\Views\v_checkout.php(62): CodeIgniter\Debug\Exceptions->errorHandler(2, 'Undefined variable $grandTotal', 'C:\\xampp\\htdocs\\pwl\\belajar-ci\\app\\Views\\v_checkout.php', 62)
 2 SYSTEMPATH\View\View.php(226): include('C:\\xampp\\htdocs\\pwl\\belajar-ci\\app\\Views\\v_checkout.php')
 3 SYSTEMPATH\View\View.php(229): CodeIgniter\View\View->CodeIgniter\View\{closure}()
 4 SYSTEMPATH\Common.php(1167): CodeIgniter\View\View->render('v_checkout', [], true)
 5 APPPATH\Controllers\TransaksiController.php(78): view('v_checkout', [...])
 6 SYSTEMPATH\CodeIgniter.php(933): App\Controllers\TransaksiController->checkout()
 7 SYSTEMPATH\CodeIgniter.php(507): CodeIgniter\CodeIgniter->runController(Object(App\Controllers\TransaksiController))
 8 SYSTEMPATH\CodeIgniter.php(354): CodeIgniter\CodeIgniter->handleRequest(null, Object(Config\Cache), false)
 9 SYSTEMPATH\Boot.php(363): CodeIgniter\CodeIgniter->run()
10 SYSTEMPATH\Boot.php(68): CodeIgniter\Boot::runCodeIgniter(Object(CodeIgniter\CodeIgniter))
11 FCPATH\index.php(59): CodeIgniter\Boot::bootWeb(Object(Config\Paths))
12 SYSTEMPATH\rewrite.php(44): require_once('C:\\xampp\\htdocs\\pwl\\belajar-ci\\public\\index.php')
DEBUG - 2025-08-12 04:00:14 --> Session: Class initialized using 'CodeIgniter\Session\Handlers\FileHandler' driver.
INFO - 2025-08-12 04:00:14 --> Cart Class Initialized
DEBUG - 2025-08-12 04:00:26 --> Session: Class initialized using 'CodeIgniter\Session\Handlers\FileHandler' driver.
DEBUG - 2025-08-12 04:00:31 --> Session: Class initialized using 'CodeIgniter\Session\Handlers\FileHandler' driver.
INFO - 2025-08-12 04:00:31 --> Cart Class Initialized
DEBUG - 2025-08-12 04:00:32 --> Session: Class initialized using 'CodeIgniter\Session\Handlers\FileHandler' driver.
DEBUG - 2025-08-12 04:00:34 --> Session: Class initialized using 'CodeIgniter\Session\Handlers\FileHandler' driver.
INFO - 2025-08-12 04:00:34 --> Cart Class Initialized
DEBUG - 2025-08-12 04:00:39 --> Session: Class initialized using 'CodeIgniter\Session\Handlers\FileHandler' driver.
INFO - 2025-08-12 04:00:39 --> Cart Class Initialized
DEBUG - 2025-08-12 04:01:25 --> Session: Class initialized using 'CodeIgniter\Session\Handlers\FileHandler' driver.
INFO - 2025-08-12 04:01:25 --> Cart Class Initialized
DEBUG - 2025-08-12 04:01:30 --> Session: Class initialized using 'CodeIgniter\Session\Handlers\FileHandler' driver.
INFO - 2025-08-12 04:01:30 --> Cart Class Initialized
DEBUG - 2025-08-12 04:01:41 --> Session: Class initialized using 'CodeIgniter\Session\Handlers\FileHandler' driver.
INFO - 2025-08-12 04:01:41 --> Cart Class Initialized
DEBUG - 2025-08-12 04:01:41 --> Session: Class initialized using 'CodeIgniter\Session\Handlers\FileHandler' driver.
DEBUG - 2025-08-12 04:01:44 --> Session: Class initialized using 'CodeIgniter\Session\Handlers\FileHandler' driver.
INFO - 2025-08-12 04:01:44 --> Cart Class Initialized
DEBUG - 2025-08-12 04:01:48 --> Session: Class initialized using 'CodeIgniter\Session\Handlers\FileHandler' driver.
DEBUG - 2025-08-12 04:04:00 --> Session: Class initialized using 'CodeIgniter\Session\Handlers\FileHandler' driver.
INFO - 2025-08-12 04:04:00 --> Cart Class Initialized
DEBUG - 2025-08-12 04:04:11 --> Session: Class initialized using 'CodeIgniter\Session\Handlers\FileHandler' driver.
DEBUG - 2025-08-12 04:07:20 --> Session: Class initialized using 'CodeIgniter\Session\Handlers\FileHandler' driver.
DEBUG - 2025-08-12 04:07:23 --> Session: Class initialized using 'CodeIgniter\Session\Handlers\FileHandler' driver.
INFO - 2025-08-12 04:07:23 --> Cart Class Initialized
DEBUG - 2025-08-12 04:07:24 --> Session: Class initialized using 'CodeIgniter\Session\Handlers\FileHandler' driver.
DEBUG - 2025-08-12 04:07:26 --> Session: Class initialized using 'CodeIgniter\Session\Handlers\FileHandler' driver.
INFO - 2025-08-12 04:07:26 --> Cart Class Initialized
DEBUG - 2025-08-12 04:07:29 --> Session: Class initialized using 'CodeIgniter\Session\Handlers\FileHandler' driver.
INFO - 2025-08-12 04:07:29 --> Cart Class Initialized
DEBUG - 2025-08-12 04:07:43 --> Session: Class initialized using 'CodeIgniter\Session\Handlers\FileHandler' driver.
DEBUG - 2025-08-12 04:07:47 --> Session: Class initialized using 'CodeIgniter\Session\Handlers\FileHandler' driver.
DEBUG - 2025-08-12 04:07:49 --> Session: Class initialized using 'CodeIgniter\Session\Handlers\FileHandler' driver.
INFO - 2025-08-12 04:07:49 --> Cart Class Initialized
DEBUG - 2025-08-12 04:07:52 --> Session: Class initialized using 'CodeIgniter\Session\Handlers\FileHandler' driver.
INFO - 2025-08-12 04:07:52 --> Cart Class Initialized
DEBUG - 2025-08-12 04:08:43 --> Session: Class initialized using 'CodeIgniter\Session\Handlers\FileHandler' driver.
INFO - 2025-08-12 04:08:43 --> Cart Class Initialized
WARNING - 2025-08-12 04:12:24 --> [DEPRECATED] Since fakerphp/faker 1.14: Accessing property "userName" is deprecated, use "userName()" instead. in VENDORPATH\symfony\deprecation-contracts\function.php on line 25.
 1 VENDORPATH\symfony\deprecation-contracts\function.php(25): trigger_error('Since fakerphp/faker 1.14: Accessing property "userName" is deprecated, use "userName()" instead.', 16384)
 2 VENDORPATH\fakerphp\faker\src\Faker\Generator.php(962): trigger_deprecation('fakerphp/faker', '1.14', 'Accessing property "%s" is deprecated, use "%s()" instead.', 'userName', 'userName')
 3 APPPATH\Database\Seeds\UserSeeder.php(15): Faker\Generator->__get('userName')
 4 SYSTEMPATH\Database\Seeder.php(149): App\Database\Seeds\UserSeeder->run()
 5 SYSTEMPATH\Commands\Database\Seed.php(79): CodeIgniter\Database\Seeder->call('App\\Database\\Seeds\\UserSeeder')
 6 SYSTEMPATH\CLI\Commands.php(74): CodeIgniter\Commands\Database\Seed->run([])
 7 SYSTEMPATH\CLI\Console.php(47): CodeIgniter\CLI\Commands->run('db:seed', [...])
 8 SYSTEMPATH\Boot.php(388): CodeIgniter\CLI\Console->run()
 9 SYSTEMPATH\Boot.php(133): CodeIgniter\Boot::runCommand(Object(CodeIgniter\CLI\Console))
10 ROOTPATH\spark(87): CodeIgniter\Boot::bootSpark(Object(Config\Paths))
WARNING - 2025-08-12 04:12:24 --> [DEPRECATED] Since fakerphp/faker 1.14: Accessing property "email" is deprecated, use "email()" instead. in VENDORPATH\symfony\deprecation-contracts\function.php on line 25.
 1 VENDORPATH\symfony\deprecation-contracts\function.php(25): trigger_error('Since fakerphp/faker 1.14: Accessing property "email" is deprecated, use "email()" instead.', 16384)
 2 VENDORPATH\fakerphp\faker\src\Faker\Generator.php(962): trigger_deprecation('fakerphp/faker', '1.14', 'Accessing property "%s" is deprecated, use "%s()" instead.', 'email', 'email')
 3 APPPATH\Database\Seeds\UserSeeder.php(16): Faker\Generator->__get('email')
 4 SYSTEMPATH\Database\Seeder.php(149): App\Database\Seeds\UserSeeder->run()
 5 SYSTEMPATH\Commands\Database\Seed.php(79): CodeIgniter\Database\Seeder->call('App\\Database\\Seeds\\UserSeeder')
 6 SYSTEMPATH\CLI\Commands.php(74): CodeIgniter\Commands\Database\Seed->run([])
 7 SYSTEMPATH\CLI\Console.php(47): CodeIgniter\CLI\Commands->run('db:seed', [...])
 8 SYSTEMPATH\Boot.php(388): CodeIgniter\CLI\Console->run()
 9 SYSTEMPATH\Boot.php(133): CodeIgniter\Boot::runCommand(Object(CodeIgniter\CLI\Console))
10 ROOTPATH\spark(87): CodeIgniter\Boot::bootSpark(Object(Config\Paths))
WARNING - 2025-08-12 04:12:24 --> [DEPRECATED] Since fakerphp/faker 1.14: Accessing property "userName" is deprecated, use "userName()" instead. in VENDORPATH\symfony\deprecation-contracts\function.php on line 25.
 1 VENDORPATH\symfony\deprecation-contracts\function.php(25): trigger_error('Since fakerphp/faker 1.14: Accessing property "userName" is deprecated, use "userName()" instead.', 16384)
 2 VENDORPATH\fakerphp\faker\src\Faker\Generator.php(962): trigger_deprecation('fakerphp/faker', '1.14', 'Accessing property "%s" is deprecated, use "%s()" instead.', 'userName', 'userName')
 3 APPPATH\Database\Seeds\UserSeeder.php(15): Faker\Generator->__get('userName')
 4 SYSTEMPATH\Database\Seeder.php(149): App\Database\Seeds\UserSeeder->run()
 5 SYSTEMPATH\Commands\Database\Seed.php(79): CodeIgniter\Database\Seeder->call('App\\Database\\Seeds\\UserSeeder')
 6 SYSTEMPATH\CLI\Commands.php(74): CodeIgniter\Commands\Database\Seed->run([])
 7 SYSTEMPATH\CLI\Console.php(47): CodeIgniter\CLI\Commands->run('db:seed', [...])
 8 SYSTEMPATH\Boot.php(388): CodeIgniter\CLI\Console->run()
 9 SYSTEMPATH\Boot.php(133): CodeIgniter\Boot::runCommand(Object(CodeIgniter\CLI\Console))
10 ROOTPATH\spark(87): CodeIgniter\Boot::bootSpark(Object(Config\Paths))
WARNING - 2025-08-12 04:12:24 --> [DEPRECATED] Since fakerphp/faker 1.14: Accessing property "email" is deprecated, use "email()" instead. in VENDORPATH\symfony\deprecation-contracts\function.php on line 25.
 1 VENDORPATH\symfony\deprecation-contracts\function.php(25): trigger_error('Since fakerphp/faker 1.14: Accessing property "email" is deprecated, use "email()" instead.', 16384)
 2 VENDORPATH\fakerphp\faker\src\Faker\Generator.php(962): trigger_deprecation('fakerphp/faker', '1.14', 'Accessing property "%s" is deprecated, use "%s()" instead.', 'email', 'email')
 3 APPPATH\Database\Seeds\UserSeeder.php(16): Faker\Generator->__get('email')
 4 SYSTEMPATH\Database\Seeder.php(149): App\Database\Seeds\UserSeeder->run()
 5 SYSTEMPATH\Commands\Database\Seed.php(79): CodeIgniter\Database\Seeder->call('App\\Database\\Seeds\\UserSeeder')
 6 SYSTEMPATH\CLI\Commands.php(74): CodeIgniter\Commands\Database\Seed->run([])
 7 SYSTEMPATH\CLI\Console.php(47): CodeIgniter\CLI\Commands->run('db:seed', [...])
 8 SYSTEMPATH\Boot.php(388): CodeIgniter\CLI\Console->run()
 9 SYSTEMPATH\Boot.php(133): CodeIgniter\Boot::runCommand(Object(CodeIgniter\CLI\Console))
10 ROOTPATH\spark(87): CodeIgniter\Boot::bootSpark(Object(Config\Paths))
WARNING - 2025-08-12 04:12:24 --> [DEPRECATED] Since fakerphp/faker 1.14: Accessing property "userName" is deprecated, use "userName()" instead. in VENDORPATH\symfony\deprecation-contracts\function.php on line 25.
 1 VENDORPATH\symfony\deprecation-contracts\function.php(25): trigger_error('Since fakerphp/faker 1.14: Accessing property "userName" is deprecated, use "userName()" instead.', 16384)
 2 VENDORPATH\fakerphp\faker\src\Faker\Generator.php(962): trigger_deprecation('fakerphp/faker', '1.14', 'Accessing property "%s" is deprecated, use "%s()" instead.', 'userName', 'userName')
 3 APPPATH\Database\Seeds\UserSeeder.php(15): Faker\Generator->__get('userName')
 4 SYSTEMPATH\Database\Seeder.php(149): App\Database\Seeds\UserSeeder->run()
 5 SYSTEMPATH\Commands\Database\Seed.php(79): CodeIgniter\Database\Seeder->call('App\\Database\\Seeds\\UserSeeder')
 6 SYSTEMPATH\CLI\Commands.php(74): CodeIgniter\Commands\Database\Seed->run([])
 7 SYSTEMPATH\CLI\Console.php(47): CodeIgniter\CLI\Commands->run('db:seed', [...])
 8 SYSTEMPATH\Boot.php(388): CodeIgniter\CLI\Console->run()
 9 SYSTEMPATH\Boot.php(133): CodeIgniter\Boot::runCommand(Object(CodeIgniter\CLI\Console))
10 ROOTPATH\spark(87): CodeIgniter\Boot::bootSpark(Object(Config\Paths))
WARNING - 2025-08-12 04:12:24 --> [DEPRECATED] Since fakerphp/faker 1.14: Accessing property "email" is deprecated, use "email()" instead. in VENDORPATH\symfony\deprecation-contracts\function.php on line 25.
 1 VENDORPATH\symfony\deprecation-contracts\function.php(25): trigger_error('Since fakerphp/faker 1.14: Accessing property "email" is deprecated, use "email()" instead.', 16384)
 2 VENDORPATH\fakerphp\faker\src\Faker\Generator.php(962): trigger_deprecation('fakerphp/faker', '1.14', 'Accessing property "%s" is deprecated, use "%s()" instead.', 'email', 'email')
 3 APPPATH\Database\Seeds\UserSeeder.php(16): Faker\Generator->__get('email')
 4 SYSTEMPATH\Database\Seeder.php(149): App\Database\Seeds\UserSeeder->run()
 5 SYSTEMPATH\Commands\Database\Seed.php(79): CodeIgniter\Database\Seeder->call('App\\Database\\Seeds\\UserSeeder')
 6 SYSTEMPATH\CLI\Commands.php(74): CodeIgniter\Commands\Database\Seed->run([])
 7 SYSTEMPATH\CLI\Console.php(47): CodeIgniter\CLI\Commands->run('db:seed', [...])
 8 SYSTEMPATH\Boot.php(388): CodeIgniter\CLI\Console->run()
 9 SYSTEMPATH\Boot.php(133): CodeIgniter\Boot::runCommand(Object(CodeIgniter\CLI\Console))
10 ROOTPATH\spark(87): CodeIgniter\Boot::bootSpark(Object(Config\Paths))
WARNING - 2025-08-12 04:12:24 --> [DEPRECATED] Since fakerphp/faker 1.14: Accessing property "userName" is deprecated, use "userName()" instead. in VENDORPATH\symfony\deprecation-contracts\function.php on line 25.
 1 VENDORPATH\symfony\deprecation-contracts\function.php(25): trigger_error('Since fakerphp/faker 1.14: Accessing property "userName" is deprecated, use "userName()" instead.', 16384)
 2 VENDORPATH\fakerphp\faker\src\Faker\Generator.php(962): trigger_deprecation('fakerphp/faker', '1.14', 'Accessing property "%s" is deprecated, use "%s()" instead.', 'userName', 'userName')
 3 APPPATH\Database\Seeds\UserSeeder.php(15): Faker\Generator->__get('userName')
 4 SYSTEMPATH\Database\Seeder.php(149): App\Database\Seeds\UserSeeder->run()
 5 SYSTEMPATH\Commands\Database\Seed.php(79): CodeIgniter\Database\Seeder->call('App\\Database\\Seeds\\UserSeeder')
 6 SYSTEMPATH\CLI\Commands.php(74): CodeIgniter\Commands\Database\Seed->run([])
 7 SYSTEMPATH\CLI\Console.php(47): CodeIgniter\CLI\Commands->run('db:seed', [...])
 8 SYSTEMPATH\Boot.php(388): CodeIgniter\CLI\Console->run()
 9 SYSTEMPATH\Boot.php(133): CodeIgniter\Boot::runCommand(Object(CodeIgniter\CLI\Console))
10 ROOTPATH\spark(87): CodeIgniter\Boot::bootSpark(Object(Config\Paths))
WARNING - 2025-08-12 04:12:24 --> [DEPRECATED] Since fakerphp/faker 1.14: Accessing property "email" is deprecated, use "email()" instead. in VENDORPATH\symfony\deprecation-contracts\function.php on line 25.
 1 VENDORPATH\symfony\deprecation-contracts\function.php(25): trigger_error('Since fakerphp/faker 1.14: Accessing property "email" is deprecated, use "email()" instead.', 16384)
 2 VENDORPATH\fakerphp\faker\src\Faker\Generator.php(962): trigger_deprecation('fakerphp/faker', '1.14', 'Accessing property "%s" is deprecated, use "%s()" instead.', 'email', 'email')
 3 APPPATH\Database\Seeds\UserSeeder.php(16): Faker\Generator->__get('email')
 4 SYSTEMPATH\Database\Seeder.php(149): App\Database\Seeds\UserSeeder->run()
 5 SYSTEMPATH\Commands\Database\Seed.php(79): CodeIgniter\Database\Seeder->call('App\\Database\\Seeds\\UserSeeder')
 6 SYSTEMPATH\CLI\Commands.php(74): CodeIgniter\Commands\Database\Seed->run([])
 7 SYSTEMPATH\CLI\Console.php(47): CodeIgniter\CLI\Commands->run('db:seed', [...])
 8 SYSTEMPATH\Boot.php(388): CodeIgniter\CLI\Console->run()
 9 SYSTEMPATH\Boot.php(133): CodeIgniter\Boot::runCommand(Object(CodeIgniter\CLI\Console))
10 ROOTPATH\spark(87): CodeIgniter\Boot::bootSpark(Object(Config\Paths))
WARNING - 2025-08-12 04:12:24 --> [DEPRECATED] Since fakerphp/faker 1.14: Accessing property "userName" is deprecated, use "userName()" instead. in VENDORPATH\symfony\deprecation-contracts\function.php on line 25.
 1 VENDORPATH\symfony\deprecation-contracts\function.php(25): trigger_error('Since fakerphp/faker 1.14: Accessing property "userName" is deprecated, use "userName()" instead.', 16384)
 2 VENDORPATH\fakerphp\faker\src\Faker\Generator.php(962): trigger_deprecation('fakerphp/faker', '1.14', 'Accessing property "%s" is deprecated, use "%s()" instead.', 'userName', 'userName')
 3 APPPATH\Database\Seeds\UserSeeder.php(15): Faker\Generator->__get('userName')
 4 SYSTEMPATH\Database\Seeder.php(149): App\Database\Seeds\UserSeeder->run()
 5 SYSTEMPATH\Commands\Database\Seed.php(79): CodeIgniter\Database\Seeder->call('App\\Database\\Seeds\\UserSeeder')
 6 SYSTEMPATH\CLI\Commands.php(74): CodeIgniter\Commands\Database\Seed->run([])
 7 SYSTEMPATH\CLI\Console.php(47): CodeIgniter\CLI\Commands->run('db:seed', [...])
 8 SYSTEMPATH\Boot.php(388): CodeIgniter\CLI\Console->run()
 9 SYSTEMPATH\Boot.php(133): CodeIgniter\Boot::runCommand(Object(CodeIgniter\CLI\Console))
10 ROOTPATH\spark(87): CodeIgniter\Boot::bootSpark(Object(Config\Paths))
WARNING - 2025-08-12 04:12:24 --> [DEPRECATED] Since fakerphp/faker 1.14: Accessing property "email" is deprecated, use "email()" instead. in VENDORPATH\symfony\deprecation-contracts\function.php on line 25.
 1 VENDORPATH\symfony\deprecation-contracts\function.php(25): trigger_error('Since fakerphp/faker 1.14: Accessing property "email" is deprecated, use "email()" instead.', 16384)
 2 VENDORPATH\fakerphp\faker\src\Faker\Generator.php(962): trigger_deprecation('fakerphp/faker', '1.14', 'Accessing property "%s" is deprecated, use "%s()" instead.', 'email', 'email')
 3 APPPATH\Database\Seeds\UserSeeder.php(16): Faker\Generator->__get('email')
 4 SYSTEMPATH\Database\Seeder.php(149): App\Database\Seeds\UserSeeder->run()
 5 SYSTEMPATH\Commands\Database\Seed.php(79): CodeIgniter\Database\Seeder->call('App\\Database\\Seeds\\UserSeeder')
 6 SYSTEMPATH\CLI\Commands.php(74): CodeIgniter\Commands\Database\Seed->run([])
 7 SYSTEMPATH\CLI\Console.php(47): CodeIgniter\CLI\Commands->run('db:seed', [...])
 8 SYSTEMPATH\Boot.php(388): CodeIgniter\CLI\Console->run()
 9 SYSTEMPATH\Boot.php(133): CodeIgniter\Boot::runCommand(Object(CodeIgniter\CLI\Console))
10 ROOTPATH\spark(87): CodeIgniter\Boot::bootSpark(Object(Config\Paths))
WARNING - 2025-08-12 04:12:25 --> [DEPRECATED] Since fakerphp/faker 1.14: Accessing property "userName" is deprecated, use "userName()" instead. in VENDORPATH\symfony\deprecation-contracts\function.php on line 25.
 1 VENDORPATH\symfony\deprecation-contracts\function.php(25): trigger_error('Since fakerphp/faker 1.14: Accessing property "userName" is deprecated, use "userName()" instead.', 16384)
 2 VENDORPATH\fakerphp\faker\src\Faker\Generator.php(962): trigger_deprecation('fakerphp/faker', '1.14', 'Accessing property "%s" is deprecated, use "%s()" instead.', 'userName', 'userName')
 3 APPPATH\Database\Seeds\UserSeeder.php(15): Faker\Generator->__get('userName')
 4 SYSTEMPATH\Database\Seeder.php(149): App\Database\Seeds\UserSeeder->run()
 5 SYSTEMPATH\Commands\Database\Seed.php(79): CodeIgniter\Database\Seeder->call('App\\Database\\Seeds\\UserSeeder')
 6 SYSTEMPATH\CLI\Commands.php(74): CodeIgniter\Commands\Database\Seed->run([])
 7 SYSTEMPATH\CLI\Console.php(47): CodeIgniter\CLI\Commands->run('db:seed', [...])
 8 SYSTEMPATH\Boot.php(388): CodeIgniter\CLI\Console->run()
 9 SYSTEMPATH\Boot.php(133): CodeIgniter\Boot::runCommand(Object(CodeIgniter\CLI\Console))
10 ROOTPATH\spark(87): CodeIgniter\Boot::bootSpark(Object(Config\Paths))
WARNING - 2025-08-12 04:12:25 --> [DEPRECATED] Since fakerphp/faker 1.14: Accessing property "email" is deprecated, use "email()" instead. in VENDORPATH\symfony\deprecation-contracts\function.php on line 25.
 1 VENDORPATH\symfony\deprecation-contracts\function.php(25): trigger_error('Since fakerphp/faker 1.14: Accessing property "email" is deprecated, use "email()" instead.', 16384)
 2 VENDORPATH\fakerphp\faker\src\Faker\Generator.php(962): trigger_deprecation('fakerphp/faker', '1.14', 'Accessing property "%s" is deprecated, use "%s()" instead.', 'email', 'email')
 3 APPPATH\Database\Seeds\UserSeeder.php(16): Faker\Generator->__get('email')
 4 SYSTEMPATH\Database\Seeder.php(149): App\Database\Seeds\UserSeeder->run()
 5 SYSTEMPATH\Commands\Database\Seed.php(79): CodeIgniter\Database\Seeder->call('App\\Database\\Seeds\\UserSeeder')
 6 SYSTEMPATH\CLI\Commands.php(74): CodeIgniter\Commands\Database\Seed->run([])
 7 SYSTEMPATH\CLI\Console.php(47): CodeIgniter\CLI\Commands->run('db:seed', [...])
 8 SYSTEMPATH\Boot.php(388): CodeIgniter\CLI\Console->run()
 9 SYSTEMPATH\Boot.php(133): CodeIgniter\Boot::runCommand(Object(CodeIgniter\CLI\Console))
10 ROOTPATH\spark(87): CodeIgniter\Boot::bootSpark(Object(Config\Paths))
WARNING - 2025-08-12 04:12:25 --> [DEPRECATED] Since fakerphp/faker 1.14: Accessing property "userName" is deprecated, use "userName()" instead. in VENDORPATH\symfony\deprecation-contracts\function.php on line 25.
 1 VENDORPATH\symfony\deprecation-contracts\function.php(25): trigger_error('Since fakerphp/faker 1.14: Accessing property "userName" is deprecated, use "userName()" instead.', 16384)
 2 VENDORPATH\fakerphp\faker\src\Faker\Generator.php(962): trigger_deprecation('fakerphp/faker', '1.14', 'Accessing property "%s" is deprecated, use "%s()" instead.', 'userName', 'userName')
 3 APPPATH\Database\Seeds\UserSeeder.php(15): Faker\Generator->__get('userName')
 4 SYSTEMPATH\Database\Seeder.php(149): App\Database\Seeds\UserSeeder->run()
 5 SYSTEMPATH\Commands\Database\Seed.php(79): CodeIgniter\Database\Seeder->call('App\\Database\\Seeds\\UserSeeder')
 6 SYSTEMPATH\CLI\Commands.php(74): CodeIgniter\Commands\Database\Seed->run([])
 7 SYSTEMPATH\CLI\Console.php(47): CodeIgniter\CLI\Commands->run('db:seed', [...])
 8 SYSTEMPATH\Boot.php(388): CodeIgniter\CLI\Console->run()
 9 SYSTEMPATH\Boot.php(133): CodeIgniter\Boot::runCommand(Object(CodeIgniter\CLI\Console))
10 ROOTPATH\spark(87): CodeIgniter\Boot::bootSpark(Object(Config\Paths))
WARNING - 2025-08-12 04:12:25 --> [DEPRECATED] Since fakerphp/faker 1.14: Accessing property "email" is deprecated, use "email()" instead. in VENDORPATH\symfony\deprecation-contracts\function.php on line 25.
 1 VENDORPATH\symfony\deprecation-contracts\function.php(25): trigger_error('Since fakerphp/faker 1.14: Accessing property "email" is deprecated, use "email()" instead.', 16384)
 2 VENDORPATH\fakerphp\faker\src\Faker\Generator.php(962): trigger_deprecation('fakerphp/faker', '1.14', 'Accessing property "%s" is deprecated, use "%s()" instead.', 'email', 'email')
 3 APPPATH\Database\Seeds\UserSeeder.php(16): Faker\Generator->__get('email')
 4 SYSTEMPATH\Database\Seeder.php(149): App\Database\Seeds\UserSeeder->run()
 5 SYSTEMPATH\Commands\Database\Seed.php(79): CodeIgniter\Database\Seeder->call('App\\Database\\Seeds\\UserSeeder')
 6 SYSTEMPATH\CLI\Commands.php(74): CodeIgniter\Commands\Database\Seed->run([])
 7 SYSTEMPATH\CLI\Console.php(47): CodeIgniter\CLI\Commands->run('db:seed', [...])
 8 SYSTEMPATH\Boot.php(388): CodeIgniter\CLI\Console->run()
 9 SYSTEMPATH\Boot.php(133): CodeIgniter\Boot::runCommand(Object(CodeIgniter\CLI\Console))
10 ROOTPATH\spark(87): CodeIgniter\Boot::bootSpark(Object(Config\Paths))
WARNING - 2025-08-12 04:12:25 --> [DEPRECATED] Since fakerphp/faker 1.14: Accessing property "userName" is deprecated, use "userName()" instead. in VENDORPATH\symfony\deprecation-contracts\function.php on line 25.
 1 VENDORPATH\symfony\deprecation-contracts\function.php(25): trigger_error('Since fakerphp/faker 1.14: Accessing property "userName" is deprecated, use "userName()" instead.', 16384)
 2 VENDORPATH\fakerphp\faker\src\Faker\Generator.php(962): trigger_deprecation('fakerphp/faker', '1.14', 'Accessing property "%s" is deprecated, use "%s()" instead.', 'userName', 'userName')
 3 APPPATH\Database\Seeds\UserSeeder.php(15): Faker\Generator->__get('userName')
 4 SYSTEMPATH\Database\Seeder.php(149): App\Database\Seeds\UserSeeder->run()
 5 SYSTEMPATH\Commands\Database\Seed.php(79): CodeIgniter\Database\Seeder->call('App\\Database\\Seeds\\UserSeeder')
 6 SYSTEMPATH\CLI\Commands.php(74): CodeIgniter\Commands\Database\Seed->run([])
 7 SYSTEMPATH\CLI\Console.php(47): CodeIgniter\CLI\Commands->run('db:seed', [...])
 8 SYSTEMPATH\Boot.php(388): CodeIgniter\CLI\Console->run()
 9 SYSTEMPATH\Boot.php(133): CodeIgniter\Boot::runCommand(Object(CodeIgniter\CLI\Console))
10 ROOTPATH\spark(87): CodeIgniter\Boot::bootSpark(Object(Config\Paths))
WARNING - 2025-08-12 04:12:25 --> [DEPRECATED] Since fakerphp/faker 1.14: Accessing property "email" is deprecated, use "email()" instead. in VENDORPATH\symfony\deprecation-contracts\function.php on line 25.
 1 VENDORPATH\symfony\deprecation-contracts\function.php(25): trigger_error('Since fakerphp/faker 1.14: Accessing property "email" is deprecated, use "email()" instead.', 16384)
 2 VENDORPATH\fakerphp\faker\src\Faker\Generator.php(962): trigger_deprecation('fakerphp/faker', '1.14', 'Accessing property "%s" is deprecated, use "%s()" instead.', 'email', 'email')
 3 APPPATH\Database\Seeds\UserSeeder.php(16): Faker\Generator->__get('email')
 4 SYSTEMPATH\Database\Seeder.php(149): App\Database\Seeds\UserSeeder->run()
 5 SYSTEMPATH\Commands\Database\Seed.php(79): CodeIgniter\Database\Seeder->call('App\\Database\\Seeds\\UserSeeder')
 6 SYSTEMPATH\CLI\Commands.php(74): CodeIgniter\Commands\Database\Seed->run([])
 7 SYSTEMPATH\CLI\Console.php(47): CodeIgniter\CLI\Commands->run('db:seed', [...])
 8 SYSTEMPATH\Boot.php(388): CodeIgniter\CLI\Console->run()
 9 SYSTEMPATH\Boot.php(133): CodeIgniter\Boot::runCommand(Object(CodeIgniter\CLI\Console))
10 ROOTPATH\spark(87): CodeIgniter\Boot::bootSpark(Object(Config\Paths))
WARNING - 2025-08-12 04:12:25 --> [DEPRECATED] Since fakerphp/faker 1.14: Accessing property "userName" is deprecated, use "userName()" instead. in VENDORPATH\symfony\deprecation-contracts\function.php on line 25.
 1 VENDORPATH\symfony\deprecation-contracts\function.php(25): trigger_error('Since fakerphp/faker 1.14: Accessing property "userName" is deprecated, use "userName()" instead.', 16384)
 2 VENDORPATH\fakerphp\faker\src\Faker\Generator.php(962): trigger_deprecation('fakerphp/faker', '1.14', 'Accessing property "%s" is deprecated, use "%s()" instead.', 'userName', 'userName')
 3 APPPATH\Database\Seeds\UserSeeder.php(15): Faker\Generator->__get('userName')
 4 SYSTEMPATH\Database\Seeder.php(149): App\Database\Seeds\UserSeeder->run()
 5 SYSTEMPATH\Commands\Database\Seed.php(79): CodeIgniter\Database\Seeder->call('App\\Database\\Seeds\\UserSeeder')
 6 SYSTEMPATH\CLI\Commands.php(74): CodeIgniter\Commands\Database\Seed->run([])
 7 SYSTEMPATH\CLI\Console.php(47): CodeIgniter\CLI\Commands->run('db:seed', [...])
 8 SYSTEMPATH\Boot.php(388): CodeIgniter\CLI\Console->run()
 9 SYSTEMPATH\Boot.php(133): CodeIgniter\Boot::runCommand(Object(CodeIgniter\CLI\Console))
10 ROOTPATH\spark(87): CodeIgniter\Boot::bootSpark(Object(Config\Paths))
WARNING - 2025-08-12 04:12:25 --> [DEPRECATED] Since fakerphp/faker 1.14: Accessing property "email" is deprecated, use "email()" instead. in VENDORPATH\symfony\deprecation-contracts\function.php on line 25.
 1 VENDORPATH\symfony\deprecation-contracts\function.php(25): trigger_error('Since fakerphp/faker 1.14: Accessing property "email" is deprecated, use "email()" instead.', 16384)
 2 VENDORPATH\fakerphp\faker\src\Faker\Generator.php(962): trigger_deprecation('fakerphp/faker', '1.14', 'Accessing property "%s" is deprecated, use "%s()" instead.', 'email', 'email')
 3 APPPATH\Database\Seeds\UserSeeder.php(16): Faker\Generator->__get('email')
 4 SYSTEMPATH\Database\Seeder.php(149): App\Database\Seeds\UserSeeder->run()
 5 SYSTEMPATH\Commands\Database\Seed.php(79): CodeIgniter\Database\Seeder->call('App\\Database\\Seeds\\UserSeeder')
 6 SYSTEMPATH\CLI\Commands.php(74): CodeIgniter\Commands\Database\Seed->run([])
 7 SYSTEMPATH\CLI\Console.php(47): CodeIgniter\CLI\Commands->run('db:seed', [...])
 8 SYSTEMPATH\Boot.php(388): CodeIgniter\CLI\Console->run()
 9 SYSTEMPATH\Boot.php(133): CodeIgniter\Boot::runCommand(Object(CodeIgniter\CLI\Console))
10 ROOTPATH\spark(87): CodeIgniter\Boot::bootSpark(Object(Config\Paths))
WARNING - 2025-08-12 04:12:25 --> [DEPRECATED] Since fakerphp/faker 1.14: Accessing property "userName" is deprecated, use "userName()" instead. in VENDORPATH\symfony\deprecation-contracts\function.php on line 25.
 1 VENDORPATH\symfony\deprecation-contracts\function.php(25): trigger_error('Since fakerphp/faker 1.14: Accessing property "userName" is deprecated, use "userName()" instead.', 16384)
 2 VENDORPATH\fakerphp\faker\src\Faker\Generator.php(962): trigger_deprecation('fakerphp/faker', '1.14', 'Accessing property "%s" is deprecated, use "%s()" instead.', 'userName', 'userName')
 3 APPPATH\Database\Seeds\UserSeeder.php(15): Faker\Generator->__get('userName')
 4 SYSTEMPATH\Database\Seeder.php(149): App\Database\Seeds\UserSeeder->run()
 5 SYSTEMPATH\Commands\Database\Seed.php(79): CodeIgniter\Database\Seeder->call('App\\Database\\Seeds\\UserSeeder')
 6 SYSTEMPATH\CLI\Commands.php(74): CodeIgniter\Commands\Database\Seed->run([])
 7 SYSTEMPATH\CLI\Console.php(47): CodeIgniter\CLI\Commands->run('db:seed', [...])
 8 SYSTEMPATH\Boot.php(388): CodeIgniter\CLI\Console->run()
 9 SYSTEMPATH\Boot.php(133): CodeIgniter\Boot::runCommand(Object(CodeIgniter\CLI\Console))
10 ROOTPATH\spark(87): CodeIgniter\Boot::bootSpark(Object(Config\Paths))
WARNING - 2025-08-12 04:12:25 --> [DEPRECATED] Since fakerphp/faker 1.14: Accessing property "email" is deprecated, use "email()" instead. in VENDORPATH\symfony\deprecation-contracts\function.php on line 25.
 1 VENDORPATH\symfony\deprecation-contracts\function.php(25): trigger_error('Since fakerphp/faker 1.14: Accessing property "email" is deprecated, use "email()" instead.', 16384)
 2 VENDORPATH\fakerphp\faker\src\Faker\Generator.php(962): trigger_deprecation('fakerphp/faker', '1.14', 'Accessing property "%s" is deprecated, use "%s()" instead.', 'email', 'email')
 3 APPPATH\Database\Seeds\UserSeeder.php(16): Faker\Generator->__get('email')
 4 SYSTEMPATH\Database\Seeder.php(149): App\Database\Seeds\UserSeeder->run()
 5 SYSTEMPATH\Commands\Database\Seed.php(79): CodeIgniter\Database\Seeder->call('App\\Database\\Seeds\\UserSeeder')
 6 SYSTEMPATH\CLI\Commands.php(74): CodeIgniter\Commands\Database\Seed->run([])
 7 SYSTEMPATH\CLI\Console.php(47): CodeIgniter\CLI\Commands->run('db:seed', [...])
 8 SYSTEMPATH\Boot.php(388): CodeIgniter\CLI\Console->run()
 9 SYSTEMPATH\Boot.php(133): CodeIgniter\Boot::runCommand(Object(CodeIgniter\CLI\Console))
10 ROOTPATH\spark(87): CodeIgniter\Boot::bootSpark(Object(Config\Paths))
DEBUG - 2025-08-12 04:12:45 --> Session: Class initialized using 'CodeIgniter\Session\Handlers\FileHandler' driver.
DEBUG - 2025-08-12 04:15:07 --> Session: Class initialized using 'CodeIgniter\Session\Handlers\FileHandler' driver.
DEBUG - 2025-08-12 04:15:13 --> Session: Class initialized using 'CodeIgniter\Session\Handlers\FileHandler' driver.
INFO - 2025-08-12 04:15:13 --> Cart Class Initialized
DEBUG - 2025-08-12 04:15:16 --> Session: Class initialized using 'CodeIgniter\Session\Handlers\FileHandler' driver.
INFO - 2025-08-12 04:15:16 --> Cart Class Initialized
DEBUG - 2025-08-12 04:15:31 --> Session: Class initialized using 'CodeIgniter\Session\Handlers\FileHandler' driver.
INFO - 2025-08-12 04:15:31 --> Cart Class Initialized
CRITICAL - 2025-08-12 04:15:34 --> GuzzleHttp\Exception\ClientException: Client error: `GET https://rajaongkir.komerce.id/api/v1/destination/domestic-destination?search=testa&limit=50` resulted in a `404 Not Found` response:
{"meta":{"message":"Domestic Destinations Data not found","code":404,"status":"error"},"data":null}

[Method: GET, Route: get-location]
in VENDORPATH\guzzlehttp\guzzle\src\Exception\RequestException.php on line 111.
 1 VENDORPATH\guzzlehttp\guzzle\src\Middleware.php(72): GuzzleHttp\Exception\RequestException::create(Object(GuzzleHttp\Psr7\Request), Object(GuzzleHttp\Psr7\Response), null, [], null)
 2 VENDORPATH\guzzlehttp\promises\src\Promise.php(209): GuzzleHttp\Middleware::GuzzleHttp\{closure}(Object(GuzzleHttp\Psr7\Response))
 3 VENDORPATH\guzzlehttp\promises\src\Promise.php(158): GuzzleHttp\Promise\Promise::callHandler(1, Object(GuzzleHttp\Psr7\Response), null)
 4 VENDORPATH\guzzlehttp\promises\src\TaskQueue.php(52): GuzzleHttp\Promise\Promise::GuzzleHttp\Promise\{closure}()
 5 VENDORPATH\guzzlehttp\promises\src\Promise.php(251): GuzzleHttp\Promise\TaskQueue->run(true)
 6 VENDORPATH\guzzlehttp\promises\src\Promise.php(227): GuzzleHttp\Promise\Promise->invokeWaitFn()
 7 VENDORPATH\guzzlehttp\promises\src\Promise.php(272): GuzzleHttp\Promise\Promise->waitIfPending()
 8 VENDORPATH\guzzlehttp\promises\src\Promise.php(229): GuzzleHttp\Promise\Promise->invokeWaitList()
 9 VENDORPATH\guzzlehttp\promises\src\Promise.php(69): GuzzleHttp\Promise\Promise->waitIfPending()
10 VENDORPATH\guzzlehttp\guzzle\src\Client.php(189): GuzzleHttp\Promise\Promise->wait()
11 APPPATH\Controllers\TransaksiController.php(86): GuzzleHttp\Client->request('GET', 'https://rajaongkir.komerce.id/api/v1/destination/domestic-destination?search=testa&limit=50', [...])
12 SYSTEMPATH\CodeIgniter.php(933): App\Controllers\TransaksiController->getLocation()
13 SYSTEMPATH\CodeIgniter.php(507): CodeIgniter\CodeIgniter->runController(Object(App\Controllers\TransaksiController))
14 SYSTEMPATH\CodeIgniter.php(354): CodeIgniter\CodeIgniter->handleRequest(null, Object(Config\Cache), false)
15 SYSTEMPATH\Boot.php(363): CodeIgniter\CodeIgniter->run()
16 SYSTEMPATH\Boot.php(68): CodeIgniter\Boot::runCodeIgniter(Object(CodeIgniter\CodeIgniter))
17 FCPATH\index.php(59): CodeIgniter\Boot::bootWeb(Object(Config\Paths))
18 SYSTEMPATH\rewrite.php(44): require_once('C:\\xampp\\htdocs\\pwl\\belajar-ci\\public\\index.php')
DEBUG - 2025-08-12 04:15:38 --> Session: Class initialized using 'CodeIgniter\Session\Handlers\FileHandler' driver.
INFO - 2025-08-12 04:15:38 --> Cart Class Initialized
DEBUG - 2025-08-12 04:15:40 --> Session: Class initialized using 'CodeIgniter\Session\Handlers\FileHandler' driver.
INFO - 2025-08-12 04:15:40 --> Cart Class Initialized
DEBUG - 2025-08-12 04:15:42 --> Session: Class initialized using 'CodeIgniter\Session\Handlers\FileHandler' driver.
INFO - 2025-08-12 04:15:42 --> Cart Class Initialized
CRITICAL - 2025-08-12 04:15:44 --> GuzzleHttp\Exception\ClientException: Client error: `POST https://rajaongkir.komerce.id/api/v1/calculate/domestic-cost` resulted in a `404 Not Found` response:
{"meta":{"message":"Calculate Domestic Shipping Cost not found","code":404,"status":"error"},"data":null}

[Method: GET, Route: get-cost]
in VENDORPATH\guzzlehttp\guzzle\src\Exception\RequestException.php on line 111.
 1 VENDORPATH\guzzlehttp\guzzle\src\Middleware.php(72): GuzzleHttp\Exception\RequestException::create(Object(GuzzleHttp\Psr7\Request), Object(GuzzleHttp\Psr7\Response), null, [], null)
 2 VENDORPATH\guzzlehttp\promises\src\Promise.php(209): GuzzleHttp\Middleware::GuzzleHttp\{closure}(Object(GuzzleHttp\Psr7\Response))
 3 VENDORPATH\guzzlehttp\promises\src\Promise.php(158): GuzzleHttp\Promise\Promise::callHandler(1, Object(GuzzleHttp\Psr7\Response), null)
 4 VENDORPATH\guzzlehttp\promises\src\TaskQueue.php(52): GuzzleHttp\Promise\Promise::GuzzleHttp\Promise\{closure}()
 5 VENDORPATH\guzzlehttp\promises\src\Promise.php(251): GuzzleHttp\Promise\TaskQueue->run(true)
 6 VENDORPATH\guzzlehttp\promises\src\Promise.php(227): GuzzleHttp\Promise\Promise->invokeWaitFn()
 7 VENDORPATH\guzzlehttp\promises\src\Promise.php(272): GuzzleHttp\Promise\Promise->waitIfPending()
 8 VENDORPATH\guzzlehttp\promises\src\Promise.php(229): GuzzleHttp\Promise\Promise->invokeWaitList()
 9 VENDORPATH\guzzlehttp\promises\src\Promise.php(69): GuzzleHttp\Promise\Promise->waitIfPending()
10 VENDORPATH\guzzlehttp\guzzle\src\Client.php(189): GuzzleHttp\Promise\Promise->wait()
11 APPPATH\Controllers\TransaksiController.php(107): GuzzleHttp\Client->request('POST', 'https://rajaongkir.komerce.id/api/v1/calculate/domestic-cost', [...])
12 SYSTEMPATH\CodeIgniter.php(933): App\Controllers\TransaksiController->getCost()
13 SYSTEMPATH\CodeIgniter.php(507): CodeIgniter\CodeIgniter->runController(Object(App\Controllers\TransaksiController))
14 SYSTEMPATH\CodeIgniter.php(354): CodeIgniter\CodeIgniter->handleRequest(null, Object(Config\Cache), false)
15 SYSTEMPATH\Boot.php(363): CodeIgniter\CodeIgniter->run()
16 SYSTEMPATH\Boot.php(68): CodeIgniter\Boot::runCodeIgniter(Object(CodeIgniter\CodeIgniter))
17 FCPATH\index.php(59): CodeIgniter\Boot::bootWeb(Object(Config\Paths))
18 SYSTEMPATH\rewrite.php(44): require_once('C:\\xampp\\htdocs\\pwl\\belajar-ci\\public\\index.php')
DEBUG - 2025-08-12 04:16:01 --> Session: Class initialized using 'CodeIgniter\Session\Handlers\FileHandler' driver.
INFO - 2025-08-12 04:16:01 --> Cart Class Initialized
DEBUG - 2025-08-12 04:16:03 --> Session: Class initialized using 'CodeIgniter\Session\Handlers\FileHandler' driver.
INFO - 2025-08-12 04:16:03 --> Cart Class Initialized
DEBUG - 2025-08-12 04:16:10 --> Session: Class initialized using 'CodeIgniter\Session\Handlers\FileHandler' driver.
INFO - 2025-08-12 04:16:10 --> Cart Class Initialized
DEBUG - 2025-08-12 04:16:10 --> Session: Class initialized using 'CodeIgniter\Session\Handlers\FileHandler' driver.
DEBUG - 2025-08-12 04:22:52 --> Session: Class initialized using 'CodeIgniter\Session\Handlers\FileHandler' driver.
DEBUG - 2025-08-12 04:22:55 --> Session: Class initialized using 'CodeIgniter\Session\Handlers\FileHandler' driver.
INFO - 2025-08-12 04:22:55 --> Cart Class Initialized
DEBUG - 2025-08-12 04:22:55 --> Session: Class initialized using 'CodeIgniter\Session\Handlers\FileHandler' driver.
DEBUG - 2025-08-12 04:22:57 --> Session: Class initialized using 'CodeIgniter\Session\Handlers\FileHandler' driver.
INFO - 2025-08-12 04:22:57 --> Cart Class Initialized
DEBUG - 2025-08-12 04:23:00 --> Session: Class initialized using 'CodeIgniter\Session\Handlers\FileHandler' driver.
INFO - 2025-08-12 04:23:00 --> Cart Class Initialized
DEBUG - 2025-08-12 04:23:25 --> Session: Class initialized using 'CodeIgniter\Session\Handlers\FileHandler' driver.
DEBUG - 2025-08-12 04:23:26 --> Session: Class initialized using 'CodeIgniter\Session\Handlers\FileHandler' driver.
DEBUG - 2025-08-12 04:23:32 --> Session: Class initialized using 'CodeIgniter\Session\Handlers\FileHandler' driver.
DEBUG - 2025-08-12 04:23:32 --> Session: Class initialized using 'CodeIgniter\Session\Handlers\FileHandler' driver.
DEBUG - 2025-08-12 04:23:36 --> Session: Class initialized using 'CodeIgniter\Session\Handlers\FileHandler' driver.
INFO - 2025-08-12 04:23:36 --> Cart Class Initialized
DEBUG - 2025-08-12 04:23:37 --> Session: Class initialized using 'CodeIgniter\Session\Handlers\FileHandler' driver.
DEBUG - 2025-08-12 04:23:39 --> Session: Class initialized using 'CodeIgniter\Session\Handlers\FileHandler' driver.
INFO - 2025-08-12 04:23:39 --> Cart Class Initialized
DEBUG - 2025-08-12 04:23:42 --> Session: Class initialized using 'CodeIgniter\Session\Handlers\FileHandler' driver.
INFO - 2025-08-12 04:23:42 --> Cart Class Initialized
DEBUG - 2025-08-12 04:23:58 --> Session: Class initialized using 'CodeIgniter\Session\Handlers\FileHandler' driver.
INFO - 2025-08-12 04:23:58 --> Cart Class Initialized
DEBUG - 2025-08-12 04:24:06 --> Session: Class initialized using 'CodeIgniter\Session\Handlers\FileHandler' driver.
INFO - 2025-08-12 04:24:06 --> Cart Class Initialized
DEBUG - 2025-08-12 04:24:14 --> Session: Class initialized using 'CodeIgniter\Session\Handlers\FileHandler' driver.
INFO - 2025-08-12 04:24:14 --> Cart Class Initialized
DEBUG - 2025-08-12 04:24:15 --> Session: Class initialized using 'CodeIgniter\Session\Handlers\FileHandler' driver.
DEBUG - 2025-08-12 04:30:20 --> Session: Class initialized using 'CodeIgniter\Session\Handlers\FileHandler' driver.
INFO - 2025-08-12 04:30:21 --> Cart Class Initialized
DEBUG - 2025-08-12 04:30:21 --> Session: Class initialized using 'CodeIgniter\Session\Handlers\FileHandler' driver.
DEBUG - 2025-08-12 04:30:41 --> Session: Class initialized using 'CodeIgniter\Session\Handlers\FileHandler' driver.
INFO - 2025-08-12 04:30:41 --> Cart Class Initialized
DEBUG - 2025-08-12 04:30:44 --> Session: Class initialized using 'CodeIgniter\Session\Handlers\FileHandler' driver.
INFO - 2025-08-12 04:30:44 --> Cart Class Initialized
DEBUG - 2025-08-12 04:30:54 --> Session: Class initialized using 'CodeIgniter\Session\Handlers\FileHandler' driver.
INFO - 2025-08-12 04:30:54 --> Cart Class Initialized
DEBUG - 2025-08-12 04:30:57 --> Session: Class initialized using 'CodeIgniter\Session\Handlers\FileHandler' driver.
INFO - 2025-08-12 04:30:57 --> Cart Class Initialized
DEBUG - 2025-08-12 04:31:14 --> Session: Class initialized using 'CodeIgniter\Session\Handlers\FileHandler' driver.
INFO - 2025-08-12 04:31:14 --> Cart Class Initialized
DEBUG - 2025-08-12 04:31:17 --> Session: Class initialized using 'CodeIgniter\Session\Handlers\FileHandler' driver.
INFO - 2025-08-12 04:31:17 --> Cart Class Initialized
DEBUG - 2025-08-12 04:31:25 --> Session: Class initialized using 'CodeIgniter\Session\Handlers\FileHandler' driver.
INFO - 2025-08-12 04:31:25 --> Cart Class Initialized
DEBUG - 2025-08-12 04:31:26 --> Session: Class initialized using 'CodeIgniter\Session\Handlers\FileHandler' driver.
DEBUG - 2025-08-12 04:32:45 --> Session: Class initialized using 'CodeIgniter\Session\Handlers\FileHandler' driver.
INFO - 2025-08-12 04:32:45 --> Cart Class Initialized
DEBUG - 2025-08-12 04:32:45 --> Session: Class initialized using 'CodeIgniter\Session\Handlers\FileHandler' driver.
DEBUG - 2025-08-12 04:33:45 --> Session: Class initialized using 'CodeIgniter\Session\Handlers\FileHandler' driver.
DEBUG - 2025-08-12 04:33:48 --> Session: Class initialized using 'CodeIgniter\Session\Handlers\FileHandler' driver.
INFO - 2025-08-12 04:33:48 --> Cart Class Initialized
DEBUG - 2025-08-12 04:33:52 --> Session: Class initialized using 'CodeIgniter\Session\Handlers\FileHandler' driver.
INFO - 2025-08-12 04:33:52 --> Cart Class Initialized
DEBUG - 2025-08-12 04:34:09 --> Session: Class initialized using 'CodeIgniter\Session\Handlers\FileHandler' driver.
INFO - 2025-08-12 04:34:09 --> Cart Class Initialized
DEBUG - 2025-08-12 04:34:13 --> Session: Class initialized using 'CodeIgniter\Session\Handlers\FileHandler' driver.
INFO - 2025-08-12 04:34:13 --> Cart Class Initialized
DEBUG - 2025-08-12 04:34:20 --> Session: Class initialized using 'CodeIgniter\Session\Handlers\FileHandler' driver.
INFO - 2025-08-12 04:34:20 --> Cart Class Initialized
DEBUG - 2025-08-12 04:34:20 --> Session: Class initialized using 'CodeIgniter\Session\Handlers\FileHandler' driver.
DEBUG - 2025-08-12 04:43:07 --> Session: Class initialized using 'CodeIgniter\Session\Handlers\FileHandler' driver.
INFO - 2025-08-12 04:43:07 --> Cart Class Initialized
DEBUG - 2025-08-12 04:43:07 --> Session: Class initialized using 'CodeIgniter\Session\Handlers\FileHandler' driver.
DEBUG - 2025-08-12 04:43:10 --> Session: Class initialized using 'CodeIgniter\Session\Handlers\FileHandler' driver.
INFO - 2025-08-12 04:43:10 --> Cart Class Initialized
DEBUG - 2025-08-12 04:43:10 --> Session: Class initialized using 'CodeIgniter\Session\Handlers\FileHandler' driver.
DEBUG - 2025-08-12 04:43:12 --> Session: Class initialized using 'CodeIgniter\Session\Handlers\FileHandler' driver.
INFO - 2025-08-12 04:43:12 --> Cart Class Initialized
DEBUG - 2025-08-12 04:43:15 --> Session: Class initialized using 'CodeIgniter\Session\Handlers\FileHandler' driver.
INFO - 2025-08-12 04:43:15 --> Cart Class Initialized
DEBUG - 2025-08-12 04:43:26 --> Session: Class initialized using 'CodeIgniter\Session\Handlers\FileHandler' driver.
INFO - 2025-08-12 04:43:26 --> Cart Class Initialized
DEBUG - 2025-08-12 04:43:29 --> Session: Class initialized using 'CodeIgniter\Session\Handlers\FileHandler' driver.
INFO - 2025-08-12 04:43:29 --> Cart Class Initialized
DEBUG - 2025-08-12 04:43:42 --> Session: Class initialized using 'CodeIgniter\Session\Handlers\FileHandler' driver.
INFO - 2025-08-12 04:43:42 --> Cart Class Initialized
DEBUG - 2025-08-12 04:43:43 --> Session: Class initialized using 'CodeIgniter\Session\Handlers\FileHandler' driver.
DEBUG - 2025-08-12 04:45:13 --> Session: Class initialized using 'CodeIgniter\Session\Handlers\FileHandler' driver.
INFO - 2025-08-12 04:45:13 --> Cart Class Initialized
DEBUG - 2025-08-12 04:45:14 --> Session: Class initialized using 'CodeIgniter\Session\Handlers\FileHandler' driver.
DEBUG - 2025-08-12 04:45:17 --> Session: Class initialized using 'CodeIgniter\Session\Handlers\FileHandler' driver.
INFO - 2025-08-12 04:45:17 --> Cart Class Initialized
DEBUG - 2025-08-12 04:45:20 --> Session: Class initialized using 'CodeIgniter\Session\Handlers\FileHandler' driver.
INFO - 2025-08-12 04:45:20 --> Cart Class Initialized
DEBUG - 2025-08-12 04:47:56 --> Session: Class initialized using 'CodeIgniter\Session\Handlers\FileHandler' driver.
INFO - 2025-08-12 04:47:56 --> Cart Class Initialized
DEBUG - 2025-08-12 04:48:07 --> Session: Class initialized using 'CodeIgniter\Session\Handlers\FileHandler' driver.
INFO - 2025-08-12 04:48:07 --> Cart Class Initialized
DEBUG - 2025-08-12 04:48:11 --> Session: Class initialized using 'CodeIgniter\Session\Handlers\FileHandler' driver.
INFO - 2025-08-12 04:48:11 --> Cart Class Initialized
DEBUG - 2025-08-12 04:48:21 --> Session: Class initialized using 'CodeIgniter\Session\Handlers\FileHandler' driver.
INFO - 2025-08-12 04:48:21 --> Cart Class Initialized
DEBUG - 2025-08-12 04:48:22 --> Session: Class initialized using 'CodeIgniter\Session\Handlers\FileHandler' driver.
